<?xml version="1.0" encoding="UTF-8"?>
<!-- Generated by org.testng.reporters.JUnitXMLReporter -->
<testsuite hostname="AHMnshahJ6G3QJ.local" ignored="0" name="sample test" tests="2" failures="1" timestamp="11 Jan 2017 12:15:01 GMT" time="5.503" errors="0">
  <testcase name="@AfterClass tearDown" time="0.0" classname="sampleAppium.testAppium.base.TestBase">
    <failure type="java.lang.NullPointerException">
      <![CDATA[java.lang.NullPointerException
	at sampleAppium.testAppium.base.TestBase.tearDown(TestBase.java:68)
... Removed 25 stack frames]]>
    </failure>
  </testcase> <!-- @AfterClass tearDown -->
  <testcase name="ClickonLinks" time="0.008" classname="sampleAppium.testAppium.tests.alertsTest"/>
  <testcase name="verifyHomePage" time="5.007" classname="sampleAppium.testAppium.tests.alertsTest">
    <failure type="java.lang.NullPointerException">
      <![CDATA[java.lang.NullPointerException
	at sampleAppium.testAppium.pageObjects.alertsPage.verifyAlertsLink(alertsPage.java:18)
	at sampleAppium.testAppium.tests.alertsTest.verifyHomePage(alertsTest.java:28)
... Removed 25 stack frames]]>
    </failure>
  </testcase> <!-- verifyHomePage -->
</testsuite> <!-- sample test -->
